C:\GIT\MYSTUFF\Z_JPROBE\JNI\DEBUG\X64\JAVAOSINFO.PCH
C:\GIT\MYSTUFF\Z_JPROBE\JNI\DEBUG\X64\STDAFX.OBJ
C:\GIT\MYSTUFF\Z_JPROBE\JNI\DEBUG\X64\VC110.PDB
C:\GIT\MYSTUFF\Z_JPROBE\JNI\DEBUG\X64\SYSTEMINFO.OBJ
C:\GIT\MYSTUFF\Z_JPROBE\JNI\DEBUG\X64\JAVAOSINFO.OBJ
C:\GIT\MYSTUFF\Z_JPROBE\JNI\DEBUG\X64\OSSYSTEMINFO.OBJ
C:\git\MyStuff\Z_JProbe\jni\Debug\x64\JavaOSInfo.lib
C:\git\MyStuff\Z_JProbe\jni\Debug\x64\JavaOSInfo.exp
C:\GIT\MYSTUFF\Z_JPROBE\JNI\DEBUG\X64\JAVAOSINFO.ILK
C:\GIT\MYSTUFF\Z_JPROBE\JNI\DEBUG\X64\JAVAOSINFO.DLL
C:\GIT\MYSTUFF\Z_JPROBE\JNI\DEBUG\X64\JAVAOSINFO.PDB
C:\GIT\MYSTUFF\Z_JPROBE\JNI\DEBUG\X64\JAVACPUAFFINITY.RES
C:\git\MyStuff\Z_JProbe\jni\Debug\x64\JavaOSInfo.obj
C:\git\MyStuff\Z_JProbe\jni\Debug\x64\OSSystemInfo.obj
C:\git\MyStuff\Z_JProbe\jni\Debug\x64\stdafx.obj
C:\git\MyStuff\Z_JProbe\jni\Debug\x64\SystemInfo.obj
C:\git\MyStuff\Z_JProbe\jni\Debug\x64\JavaOSInfo.ilk
C:\git\MyStuff\Z_JProbe\jni\Debug\x64\cl.command.1.tlog
C:\git\MyStuff\Z_JProbe\jni\Debug\x64\CL.read.1.tlog
C:\git\MyStuff\Z_JProbe\jni\Debug\x64\CL.write.1.tlog
C:\git\MyStuff\Z_JProbe\jni\Debug\x64\JavaOSInfo.write.1.tlog
C:\git\MyStuff\Z_JProbe\jni\Debug\x64\link-cvtres.read.1.tlog
C:\git\MyStuff\Z_JProbe\jni\Debug\x64\link-cvtres.write.1.tlog
C:\git\MyStuff\Z_JProbe\jni\Debug\x64\link-mt.read.1.tlog
C:\git\MyStuff\Z_JProbe\jni\Debug\x64\link-mt.write.1.tlog
C:\git\MyStuff\Z_JProbe\jni\Debug\x64\link-rc.read.1.tlog
C:\git\MyStuff\Z_JProbe\jni\Debug\x64\link-rc.write.1.tlog
C:\git\MyStuff\Z_JProbe\jni\Debug\x64\link.10752-cvtres.read.1.tlog
C:\git\MyStuff\Z_JProbe\jni\Debug\x64\link.10752-cvtres.write.1.tlog
C:\git\MyStuff\Z_JProbe\jni\Debug\x64\link.10752-mt.read.1.tlog
C:\git\MyStuff\Z_JProbe\jni\Debug\x64\link.10752-mt.write.1.tlog
C:\git\MyStuff\Z_JProbe\jni\Debug\x64\link.10752-rc.read.1.tlog
C:\git\MyStuff\Z_JProbe\jni\Debug\x64\link.10752-rc.write.1.tlog
C:\git\MyStuff\Z_JProbe\jni\Debug\x64\link.10752.read.1.tlog
C:\git\MyStuff\Z_JProbe\jni\Debug\x64\link.10752.write.1.tlog
C:\git\MyStuff\Z_JProbe\jni\Debug\x64\link.command.1.tlog
C:\git\MyStuff\Z_JProbe\jni\Debug\x64\link.read.1.tlog
C:\git\MyStuff\Z_JProbe\jni\Debug\x64\link.write.1.tlog
C:\git\MyStuff\Z_JProbe\jni\Debug\x64\rc.command.1.tlog
C:\git\MyStuff\Z_JProbe\jni\Debug\x64\rc.read.1.tlog
C:\git\MyStuff\Z_JProbe\jni\Debug\x64\rc.write.1.tlog
C:\git\MyStuff\Z_JProbe\jni\Debug\x64\JavaCPUAffinity.res
C:\git\MyStuff\Z_JProbe\jni\Debug\x64\JavaOSInfo.pch
C:\git\MyStuff\Z_JProbe\jni\Debug\x64\JavaOSInfo.pdb
C:\git\MyStuff\Z_JProbe\jni\Debug\x64\vc110.pdb
C:\git\MyStuff\Z_JProbe\jni\Debug\x64\JavaOSInfo.dll
